Started
Created location with id ab32d574-c470-42f4-9382-fe027a51b901 on coords (12, 12)
Created location with id db5ea6ef-0319-4c24-bbc0-5088a43cc181 on coords (11.5, 11)
Created location with id d2b6d057-57b5-4803-b3fb-1f9a1d2db1bd on coords (12, 10)
Created location with id 351cbf34-7901-4beb-9e85-d627e0896f06 on coords (11.5, 9)
Created location with id bf8e3ddc-6bdd-4e20-9fdc-c60317b8f508 on coords (12, 8)
Created location with id 8b77fa2d-8606-493f-a598-214aca363345 on coords (11.5, 7)
Created location with id f59ca6e8-936e-4026-a0b0-b449b0b63ee5 on coords (12, 6)
Created location with id 12e64d6f-568e-43eb-bbda-dd2a035bff75 on coords (11.5, 5)
Created location with id 80a817e4-8942-4e77-a665-d0d40aa51ce6 on coords (12, 4)
Created location with id 7f0fea0e-ad7f-4bc3-b0b0-2893980fcde6 on coords (11.5, 3)
Created location with id 1dc028cc-2ed6-4aa5-b379-b1a6f5a5c7c6 on coords (12, 2)
Created location with id a90fb7bb-0519-4e43-9886-3d293bd15bb5 on coords (11.5, 1)
Created location with id 6a299461-ac3a-4f14-911c-e89a511694d3 on coords (12, 0)
Created location with id 2bb817b5-b716-4a6b-91d4-d8bc56068670 on coords (12, -12)
Created location with id ca37bcf3-ecfe-4e42-93fb-3dbbc2bbc29a on coords (11.5, -11)
Created location with id 4a696b8d-c01a-42fa-9c56-8737af55dc10 on coords (12, -10)
Created location with id aac7c706-6050-4dc1-92f4-c2b85ded8238 on coords (11.5, -9)
Created location with id a0cfefce-8d25-433d-94bb-e9661178aa58 on coords (12, -8)
Created location with id e15b7947-5617-4821-ad9d-5e1b6897189d on coords (11.5, -7)
Created location with id 868d168f-8307-4959-9a47-e46b8cef875a on coords (12, -6)
Created location with id 6a83352a-b4fd-4199-9b10-5ffcd19a5b2b on coords (11.5, -5)
Created location with id bcda2acb-7eb2-4843-8869-c10dc6603ccc on coords (12, -4)
Created location with id ae566148-baa6-4f05-b6fd-16ffa169ef55 on coords (11.5, -3)
Created location with id b00aa0bf-acd0-4c7a-bf4f-255a4be44efa on coords (12, -2)
Created location with id ddb5b9b7-16ca-4e83-8b9c-6f67ec85b7b6 on coords (11.5, -1)
Created location with id cdabe188-3b39-49bf-8ede-01af781b1124 on coords (-0.5, 11.0)
Created location with id ee963030-4180-42af-9a4f-01349910d0cd on coords (-1.0, 10.0)
Created location with id ac951bbe-ee6d-430f-bed2-02f8ae5e0273 on coords (-1.5, 9.0)
Created location with id f419e91b-4438-4b1e-ad9a-f3c0575eafc1 on coords (-2.0, 8.0)
Created location with id b4e19510-e1c7-4cc2-b9ed-394def05f59b on coords (-2.5, 7.0)
Created location with id 51359cd6-5692-47c2-b934-6d4ccfc781ff on coords (-3.0, 6.0)
Created location with id 934cd371-c95e-4c40-b15e-11935dd50742 on coords (-3.5, 5.0)
Created location with id ee78bb94-21d7-465e-bd80-7c4f06d48a43 on coords (-4.0, 4.0)
Created location with id 7693f9a8-e4f2-4e52-a17a-4a8ddd608520 on coords (-4.5, 3.0)
Created location with id 5cf7b714-9568-452c-bef2-1f646d289d43 on coords (-5.5, 3.0)
Created location with id 2b40bbb0-3ea8-4f7c-95c6-439f0aa97f1b on coords (-6.5, 3.0)
Created location with id 842364af-449f-4703-bdd0-dc31cc889142 on coords (-7.5, 3.0)
Created location with id 8e92cefc-b45f-481f-bca0-4c7c196a0ba4 on coords (-8.5, 3.0)
on x -8.500000 and y 3.000000 coordinates is a location already
Created location with id 7e0b7eec-78b1-4d83-81be-ab16ff0c1dd0 on coords (-9.5, 3.0)
Created location with id 43157fd5-3d81-44e5-8d02-b239b20fd227 on coords (-10.5, 3.0)
Created location with id 68412675-3914-47e1-acbe-16c98858d641 on coords (-11.5, 3.0)
Created location with id f71a6ff6-3265-4d7c-9500-0847becd20b2 on coords (-11.0, 2.0)
Created location with id 10d355cd-4658-4f94-ba38-8ba3a4e0c83e on coords (-10.5, 1.0)
Created location with id 63a69fda-9e51-4c6b-887e-43c5d738e5bd on coords (-10.0, -0.0)
Created location with id a692e056-bcb4-4975-a68d-adbcab998556 on coords (-9.5, -1.0)
Created location with id 84cabf0f-bac0-4144-aace-2d96ec0735d0 on coords (-9.0, -2.0)
Created location with id 296b4c5e-8534-4d29-aa67-ec89593f7ef9 on coords (-8.5, -3.0)
Created location with id e2170a99-a823-422f-8154-9fcbdc7c191d on coords (-7.5, -3.0)
Created location with id b70b202a-145d-4755-8f43-46c7a015410e on coords (-6.5, -3.0)
Created location with id 54203083-304a-481d-80d1-3be9ebe7f917 on coords (-5.5, -3.0)
Created location with id 4b54fb30-ae0c-4f9c-84b6-bbcc4f176651 on coords (-6.0, -4.0)
Created location with id c2571435-4160-4fba-9c59-24d562cdd15a on coords (-6.5, -5.0)
Created location with id f4c27933-b872-48ea-b3aa-a30a13894d5b on coords (-7.0, -6.0)
Created location with id 945df6b2-3f0e-4aa1-a374-97f624291372 on coords (-7.5, -7.0)
Created location with id 8491b827-7711-481d-a337-fd241709654f on coords (-8.0, -8.0)
Created location with id 8e5523a1-3c5a-47ea-872c-2fec9a2b73b9 on coords (-8.5, -9.0)
Created location with id 8fdcdf86-5564-4389-8a6a-ca5c9d9fd2b0 on coords (-9.0, -10.0)
Created location with id 2c5138e8-b7ba-4e64-91a1-00c3b73a1bd3 on coords (-9.5, -11.0)
Created location with id d861fdb5-c614-4406-984a-7f76b1e8ffce on coords (-10.0, -12.0)
Created location with id 6b9893d6-44b5-4479-98c9-8e6853632511 on coords (-9.0, -12.0)
Created location with id 19c127a7-37e8-4060-9eb6-d2eae4983d15 on coords (-8.0, -12.0)
Created location with id e14697e2-328c-4758-abb5-fee24ce67780 on coords (-7.0, -12.0)
Created location with id 6a069314-175b-4882-90ea-582f562a293b on coords (-6.0, -12.0)
Created location with id 5d8e8a89-a1bc-4cf9-bdb5-cd4b2a2b0775 on coords (-5.0, -12.0)
Created location with id c9551cf6-eb57-41c6-893e-3c2855ccb28b on coords (-4.0, -12.0)
Created location with id d94e5119-45ba-41e4-be96-d80895e84b97 on coords (-3.0, -12.0)
on x -3.000000 and y -12.000000 coordinates is a location already
Created location with id 4ae6ebb8-86f1-4348-b4df-405896321ddf on coords (-2.0, -12.0)
Created location with id c57e4bdc-f30d-4834-afa8-b1fc10316d5b on coords (-1.0, -12.0)
Created location with id ce78983c-cb06-4719-9732-a4d97ea335e2 on coords (-0.0, -12.0)
Created location with id c0eed6f4-e1e8-4c32-bcdf-0f7a3a9aef26 on coords (1.0, -12.0)
Created location with id 6409f21a-3720-42b5-8b12-c52e97b1d84f on coords (2.0, -12.0)
Created location with id 39484e78-66ad-4c76-9b1e-306b094f5aab on coords (1.5, -11.0)
Created location with id 31b2261c-1b70-45d6-9d9a-0a24b0e49b66 on coords (1.0, -10.0)
Created location with id ecba7182-a604-4bd1-9442-f1247abb93c8 on coords (0.5, -9.0)
Created location with id abca1ed9-1bc6-40ca-a7ab-5d781fd8ce36 on coords (-0.0, -8.0)
Created location with id 516eeaa1-902a-42ad-9f9c-ac61e73c1743 on coords (-1.0, -8.0)
Created location with id 52da0119-8d1f-4e47-bc3b-556712251d3d on coords (-2.0, -8.0)
Created location with id 14b7ab65-64b8-41e9-b08e-43a798e970e6 on coords (-1.0, -6.0)
Created location with id c2002247-ce7b-4beb-b1d5-46910a983541 on coords (-0.5, -5.0)
Created location with id e24fba22-60f4-45c5-b0bc-b33cb6cf952e on coords (-0.0, -4.0)
Created location with id 9b07b2b7-552b-4a50-b706-2cb72d4d188d on coords (0.5, -5.0)
Created location with id 27f9b3f5-b4ab-43fd-b0d4-93f290e0094b on coords (1.0, -6.0)
Created location with id 435a3b28-c4b9-4a94-affc-87d835173dec on coords (1.5, -7.0)
Created location with id f09eff50-9870-4b38-ba5b-daf972e25a85 on coords (2.0, -8.0)
Created location with id c03eabba-bf43-4ab6-8f00-19892b3d402d on coords (2.5, -9.0)
Created location with id 63c2c069-39b6-4699-8e37-e202a2caef7b on coords (3.0, -10.0)
Created location with id 591b6637-3a90-4e1d-bd72-9e8634cc64e5 on coords (3.5, -11.0)
Created location with id 920288f1-20a1-4d11-8c23-2b61e43399f7 on coords (4.0, -12.0)
Created location with id 388b7fc5-88bd-4b7d-a898-39cd093665ea on coords (5.0, -12.0)
Created location with id 6b34dfe5-c33c-480d-8757-53fadc0c4dd6 on coords (6.0, -12.0)
Created location with id ec61b35c-829e-4d69-95a6-793fdb24ca36 on coords (7.0, -12.0)
Created location with id 11495ecb-83e6-4942-81d6-1ca6ae64cdbc on coords (8.0, -12.0)
Created location with id ea0a0e2e-b031-4d4b-afb5-3d0d895c61a5 on coords (9.0, -12.0)
Created location with id a35bddd4-fca5-4b6e-b8f4-b7c5d71b7908 on coords (10.0, -12.0)
Created location with id f1efc63b-8873-410c-8319-ec0bc9ed684b on coords (11.0, -12.0)
Created location with id c19b0f7f-3dc6-499e-9700-ee48d134cc99 on coords (0.0, 12.0)
Created location with id 47a4ca89-e96e-48cc-b7e5-8678cebee4ee on coords (0.5, 11.0)
Created location with id cf2e2ef1-4a0f-4515-b109-791c09a5a8de on coords (1.0, 10.0)
Created location with id e852588b-9a54-42a9-a961-eaf867709031 on coords (1.5, 9.0)
Created location with id a316af8f-b41c-4c12-98e2-023c3e2351df on coords (2.0, 8.0)
Created location with id 153a8ad0-a76a-4571-9faa-cb1d5f2aa887 on coords (2.5, 7.0)
Created location with id 86a69d76-be63-404e-a6a8-d736b49ebfec on coords (3.0, 6.0)
Created location with id 09b4b0c4-7178-470f-a2b7-dd42d5b8edd1 on coords (3.5, 5.0)
Created location with id 7a521304-cf57-4c41-832d-aa97117e6c30 on coords (4.0, 4.0)
Created location with id e7d7e966-e1e0-4fe8-88d4-e98b23492969 on coords (4.5, 5.0)
Created location with id 358a8aa7-f5d9-4796-9ba3-2634f9e4a71b on coords (5.0, 6.0)
Created location with id 0e520f78-4535-4a5c-8665-30ecd456bc4d on coords (5.5, 7.0)
Created location with id b423cb3d-10c3-4896-963e-f8aeae063b80 on coords (6.0, 8.0)
Created location with id 04f60d39-c395-489b-910c-547070765699 on coords (6.5, 9.0)
Created location with id d2893d48-6fb8-424e-b45f-b556a2871954 on coords (7.0, 10.0)
Created location with id 8e364091-815b-4472-b4eb-86e359ad1e7e on coords (7.5, 11.0)
Created location with id 2a59926d-22de-4897-b90d-d8e3e3b606c7 on coords (8.0, 12.0)
Created location with id 4cc54a19-0c83-4d41-8d0d-2026da42f83f on coords (9.0, 12.0)
Created location with id 3c903b41-8953-4d77-93bf-f64238772a08 on coords (10.0, 12.0)
Created location with id 8a4330b5-213a-4732-9315-e93ddb40b083 on coords (11.0, 12.0)
Created location with id 72409244-0bef-4df3-8a03-597a3f811e08 on coords (-3, -8)
Created location with id e0c4605c-1242-4d06-936e-d83cdb172394 on coords (-4, -8)
Created location with id 9242efa0-86f9-4836-802a-9ef6a6992f58 on coords (-3.0, -6.0)
Created location with id 2b2024b7-5113-40f5-8570-d0c3a6498470 on coords (-2.0, -6.0)
Created location with id 1f6690fb-80cf-4444-a0f5-78cb85e2250c on coords (-3.5, -7.0)
Created particle at (-0.0, 10.0)
Created particle at (0.5, 9.0)
Going to create a location on position (0.5, 9.0)
Created location with id 9ab5558a-1b57-48ca-ac48-7d6abd22542c on coords (0.5, 9.0)
Going to create a location on position (-0.5, 9.0)
Created location with id a5976a44-856e-4a72-9e68-5303f97355cc on coords (-0.5, 9.0)
Going to create a location on position (0.0, 8.0)
Created location with id df38ec69-ca7b-49d3-b664-0958eb5c9749 on coords (0.0, 8.0)
Going to create a location on position (1.0, 8.0)
Created location with id 702334e7-f146-4f19-a4ec-fe9e83888de9 on coords (1.0, 8.0)
Going to create a location on position (0.0, 10.0)
Created location with id 99c06884-b63a-42d3-9e8f-248ccb9fec7e on coords (0.0, 10.0)
Going to create a location on position (-0.0, 10.0)
on x -0.000000 and y 10.000000 coordinates is a location already
Going to create a location on position (0.5, 9.0)
on x 0.500000 and y 9.000000 coordinates is a location already
Going to create a location on position (-0.5, 9.0)
on x -0.500000 and y 9.000000 coordinates is a location already
particle on (-0.0, 10.0) is scanning for particle in 1 hops
Got 1 in 1 hops
Particle e1db598c-653f-41a9-bc77-0655943c5901 is
is going to delete a location on current position
Going to create on position (-0.0, 10.0)
Created location with id d3b4bb5b-636f-4357-96e9-be0108bb415e on coords (-0.0, 10.0)
particle on (0.5, 9.0) is scanning for particle in 1 hops
Got 1 in 1 hops
Particle ec60f136-5556-40b2-98c3-15469b060342 is
is going to delete a location on current position
Going to create on position (0.5, 9.0)
Created location with id ac719e78-607f-4be5-9cf9-236cf5cf19f0 on coords (0.5, 9.0)
particle ec60f136-5556-40b2-98c3-15469b060342 successfully moved to 4
Going to create a location on position (-1.0, 8.0)
Created location with id 49be03b4-3f86-471c-a012-3e6293c751c5 on coords (-1.0, 8.0)
particle on (-0.0, 10.0) is scanning for particle in 1 hops
Got 1 in 1 hops
particle e1db598c-653f-41a9-bc77-0655943c5901 successfully moved to 2
particle on (-0.5, 9.0) is scanning for particle in 1 hops
Got 1 in 1 hops
Particle ec60f136-5556-40b2-98c3-15469b060342 is
is going to delete a location on current position
Going to create on position (-0.5, 9.0)
Created location with id c950d272-4201-4814-a921-0b658654c678 on coords (-0.5, 9.0)
particle on (0.5, 9.0) is scanning for particle in 1 hops
Got 1 in 1 hops
particle on (-0.5, 9.0) is scanning for particle in 1 hops
Got 1 in 1 hops
particle on (0.5, 9.0) is scanning for particle in 1 hops
Got 1 in 1 hops
particle on (-0.5, 9.0) is scanning for particle in 1 hops
Got 1 in 1 hops
particle on (0.5, 9.0) is scanning for particle in 1 hops
Got 1 in 1 hops
particle on (-0.5, 9.0) is scanning for particle in 1 hops
Got 1 in 1 hops
particle on (0.5, 9.0) is scanning for particle in 1 hops
Got 1 in 1 hops
particle on (-0.5, 9.0) is scanning for particle in 1 hops
Got 1 in 1 hops
particle on (0.5, 9.0) is scanning for particle in 1 hops
Got 1 in 1 hops
particle on (-0.5, 9.0) is scanning for particle in 1 hops
Got 1 in 1 hops
particle on (0.5, 9.0) is scanning for particle in 1 hops
Got 1 in 1 hops
particle on (-0.5, 9.0) is scanning for particle in 1 hops
Got 1 in 1 hops
particle on (0.5, 9.0) is scanning for particle in 1 hops
Got 1 in 1 hops
particle on (-0.5, 9.0) is scanning for particle in 1 hops
Got 1 in 1 hops
particle on (0.5, 9.0) is scanning for particle in 1 hops
Got 1 in 1 hops
particle on (-0.5, 9.0) is scanning for particle in 1 hops
Got 1 in 1 hops
particle on (0.5, 9.0) is scanning for particle in 1 hops
Got 1 in 1 hops
particle on (-0.5, 9.0) is scanning for particle in 1 hops
Got 1 in 1 hops
particle on (0.5, 9.0) is scanning for particle in 1 hops
Got 1 in 1 hops
particle on (-0.5, 9.0) is scanning for particle in 1 hops
Got 1 in 1 hops
particle on (0.5, 9.0) is scanning for particle in 1 hops
Got 1 in 1 hops
particle on (-0.5, 9.0) is scanning for particle in 1 hops
Got 1 in 1 hops
particle on (0.5, 9.0) is scanning for particle in 1 hops
Got 1 in 1 hops
particle on (-0.5, 9.0) is scanning for particle in 1 hops
Got 1 in 1 hops
particle on (0.5, 9.0) is scanning for particle in 1 hops
Got 1 in 1 hops
particle on (-0.5, 9.0) is scanning for particle in 1 hops
Got 1 in 1 hops
particle on (0.5, 9.0) is scanning for particle in 1 hops
Got 1 in 1 hops
particle on (-0.5, 9.0) is scanning for particle in 1 hops
Got 1 in 1 hops
particle on (0.5, 9.0) is scanning for particle in 1 hops
Got 1 in 1 hops
particle on (-0.5, 9.0) is scanning for particle in 1 hops
Got 1 in 1 hops
particle on (0.5, 9.0) is scanning for particle in 1 hops
Got 1 in 1 hops
particle on (-0.5, 9.0) is scanning for particle in 1 hops
Got 1 in 1 hops
particle on (0.5, 9.0) is scanning for particle in 1 hops
Got 1 in 1 hops
particle on (-0.5, 9.0) is scanning for particle in 1 hops
Got 1 in 1 hops
particle on (0.5, 9.0) is scanning for particle in 1 hops
Got 1 in 1 hops
particle on (-0.5, 9.0) is scanning for particle in 1 hops
Got 1 in 1 hops
particle on (0.5, 9.0) is scanning for particle in 1 hops
Got 1 in 1 hops
particle on (-0.5, 9.0) is scanning for particle in 1 hops
Got 1 in 1 hops
particle on (0.5, 9.0) is scanning for particle in 1 hops
Got 1 in 1 hops
particle on (-0.5, 9.0) is scanning for particle in 1 hops
Got 1 in 1 hops
particle on (0.5, 9.0) is scanning for particle in 1 hops
Got 1 in 1 hops
particle on (-0.5, 9.0) is scanning for particle in 1 hops
Got 1 in 1 hops
particle on (0.5, 9.0) is scanning for particle in 1 hops
Got 1 in 1 hops
particle on (-0.5, 9.0) is scanning for particle in 1 hops
Got 1 in 1 hops
particle on (0.5, 9.0) is scanning for particle in 1 hops
Got 1 in 1 hops
particle on (-0.5, 9.0) is scanning for particle in 1 hops
Got 1 in 1 hops
particle on (0.5, 9.0) is scanning for particle in 1 hops
Got 1 in 1 hops
particle on (-0.5, 9.0) is scanning for particle in 1 hops
Got 1 in 1 hops
particle on (0.5, 9.0) is scanning for particle in 1 hops
Got 1 in 1 hops
particle on (-0.5, 9.0) is scanning for particle in 1 hops
Got 1 in 1 hops
particle on (0.5, 9.0) is scanning for particle in 1 hops
Got 1 in 1 hops
particle on (-0.5, 9.0) is scanning for particle in 1 hops
Got 1 in 1 hops
particle on (0.5, 9.0) is scanning for particle in 1 hops
Got 1 in 1 hops
particle on (-0.5, 9.0) is scanning for particle in 1 hops
Got 1 in 1 hops
particle on (0.5, 9.0) is scanning for particle in 1 hops
Got 1 in 1 hops
particle on (-0.5, 9.0) is scanning for particle in 1 hops
Got 1 in 1 hops
particle on (0.5, 9.0) is scanning for particle in 1 hops
Got 1 in 1 hops
particle on (-0.5, 9.0) is scanning for particle in 1 hops
Got 1 in 1 hops
particle on (0.5, 9.0) is scanning for particle in 1 hops
Got 1 in 1 hops
particle on (-0.5, 9.0) is scanning for particle in 1 hops
Got 1 in 1 hops
particle on (0.5, 9.0) is scanning for particle in 1 hops
Got 1 in 1 hops
particle on (-0.5, 9.0) is scanning for particle in 1 hops
Got 1 in 1 hops
particle on (0.5, 9.0) is scanning for particle in 1 hops
Got 1 in 1 hops
particle on (-0.5, 9.0) is scanning for particle in 1 hops
Got 1 in 1 hops
particle on (0.5, 9.0) is scanning for particle in 1 hops
Got 1 in 1 hops
particle on (-0.5, 9.0) is scanning for particle in 1 hops
Got 1 in 1 hops
particle on (0.5, 9.0) is scanning for particle in 1 hops
Got 1 in 1 hops
particle on (-0.5, 9.0) is scanning for particle in 1 hops
Got 1 in 1 hops
particle on (0.5, 9.0) is scanning for particle in 1 hops
Got 1 in 1 hops
particle on (-0.5, 9.0) is scanning for particle in 1 hops
Got 1 in 1 hops
particle on (0.5, 9.0) is scanning for particle in 1 hops
Got 1 in 1 hops
particle on (-0.5, 9.0) is scanning for particle in 1 hops
Got 1 in 1 hops
particle on (0.5, 9.0) is scanning for particle in 1 hops
Got 1 in 1 hops
particle on (-0.5, 9.0) is scanning for particle in 1 hops
Got 1 in 1 hops
particle on (0.5, 9.0) is scanning for particle in 1 hops
Got 1 in 1 hops
particle on (-0.5, 9.0) is scanning for particle in 1 hops
Got 1 in 1 hops
particle on (0.5, 9.0) is scanning for particle in 1 hops
Got 1 in 1 hops
particle on (-0.5, 9.0) is scanning for particle in 1 hops
Got 1 in 1 hops
particle on (0.5, 9.0) is scanning for particle in 1 hops
Got 1 in 1 hops
particle on (-0.5, 9.0) is scanning for particle in 1 hops
Got 1 in 1 hops
particle on (0.5, 9.0) is scanning for particle in 1 hops
Got 1 in 1 hops
particle on (-0.5, 9.0) is scanning for particle in 1 hops
Got 1 in 1 hops
particle on (0.5, 9.0) is scanning for particle in 1 hops
Got 1 in 1 hops
particle on (-0.5, 9.0) is scanning for particle in 1 hops
Got 1 in 1 hops
particle on (0.5, 9.0) is scanning for particle in 1 hops
Got 1 in 1 hops
particle on (-0.5, 9.0) is scanning for particle in 1 hops
Got 1 in 1 hops
particle on (0.5, 9.0) is scanning for particle in 1 hops
Got 1 in 1 hops
particle on (-0.5, 9.0) is scanning for particle in 1 hops
Got 1 in 1 hops
particle on (0.5, 9.0) is scanning for particle in 1 hops
Got 1 in 1 hops
particle on (-0.5, 9.0) is scanning for particle in 1 hops
Got 1 in 1 hops
particle on (0.5, 9.0) is scanning for particle in 1 hops
Got 1 in 1 hops
particle on (-0.5, 9.0) is scanning for particle in 1 hops
Got 1 in 1 hops
particle on (0.5, 9.0) is scanning for particle in 1 hops
Got 1 in 1 hops
particle on (-0.5, 9.0) is scanning for particle in 1 hops
Got 1 in 1 hops
particle on (0.5, 9.0) is scanning for particle in 1 hops
Got 1 in 1 hops
particle on (-0.5, 9.0) is scanning for particle in 1 hops
Got 1 in 1 hops
particle on (0.5, 9.0) is scanning for particle in 1 hops
Got 1 in 1 hops
particle on (-0.5, 9.0) is scanning for particle in 1 hops
Got 1 in 1 hops
particle on (0.5, 9.0) is scanning for particle in 1 hops
Got 1 in 1 hops
particle on (-0.5, 9.0) is scanning for particle in 1 hops
Got 1 in 1 hops
particle on (0.5, 9.0) is scanning for particle in 1 hops
Got 1 in 1 hops
particle on (-0.5, 9.0) is scanning for particle in 1 hops
Got 1 in 1 hops
particle on (0.5, 9.0) is scanning for particle in 1 hops
Got 1 in 1 hops
particle on (-0.5, 9.0) is scanning for particle in 1 hops
Got 1 in 1 hops
particle on (0.5, 9.0) is scanning for particle in 1 hops
Got 1 in 1 hops
particle on (-0.5, 9.0) is scanning for particle in 1 hops
Got 1 in 1 hops
particle on (0.5, 9.0) is scanning for particle in 1 hops
Got 1 in 1 hops
particle on (-0.5, 9.0) is scanning for particle in 1 hops
Got 1 in 1 hops
particle on (0.5, 9.0) is scanning for particle in 1 hops
Got 1 in 1 hops
particle on (-0.5, 9.0) is scanning for particle in 1 hops
Got 1 in 1 hops
particle on (0.5, 9.0) is scanning for particle in 1 hops
Got 1 in 1 hops
particle on (-0.5, 9.0) is scanning for particle in 1 hops
Got 1 in 1 hops
particle on (0.5, 9.0) is scanning for particle in 1 hops
Got 1 in 1 hops
particle on (-0.5, 9.0) is scanning for particle in 1 hops
Got 1 in 1 hops
particle on (0.5, 9.0) is scanning for particle in 1 hops
Got 1 in 1 hops
particle on (-0.5, 9.0) is scanning for particle in 1 hops
Got 1 in 1 hops
particle on (0.5, 9.0) is scanning for particle in 1 hops
Got 1 in 1 hops
particle on (-0.5, 9.0) is scanning for particle in 1 hops
Got 1 in 1 hops
particle on (0.5, 9.0) is scanning for particle in 1 hops
Got 1 in 1 hops
particle on (-0.5, 9.0) is scanning for particle in 1 hops
Got 1 in 1 hops
particle on (0.5, 9.0) is scanning for particle in 1 hops
Got 1 in 1 hops
particle on (-0.5, 9.0) is scanning for particle in 1 hops
Got 1 in 1 hops
particle on (0.5, 9.0) is scanning for particle in 1 hops
Got 1 in 1 hops
particle on (-0.5, 9.0) is scanning for particle in 1 hops
Got 1 in 1 hops
particle on (0.5, 9.0) is scanning for particle in 1 hops
Got 1 in 1 hops
particle on (-0.5, 9.0) is scanning for particle in 1 hops
Got 1 in 1 hops
particle on (0.5, 9.0) is scanning for particle in 1 hops
Got 1 in 1 hops
particle on (-0.5, 9.0) is scanning for particle in 1 hops
Got 1 in 1 hops
particle on (0.5, 9.0) is scanning for particle in 1 hops
Got 1 in 1 hops
particle on (-0.5, 9.0) is scanning for particle in 1 hops
Got 1 in 1 hops
particle on (0.5, 9.0) is scanning for particle in 1 hops
Got 1 in 1 hops
particle on (-0.5, 9.0) is scanning for particle in 1 hops
Got 1 in 1 hops
particle on (0.5, 9.0) is scanning for particle in 1 hops
Got 1 in 1 hops
particle on (-0.5, 9.0) is scanning for particle in 1 hops
Got 1 in 1 hops
particle on (0.5, 9.0) is scanning for particle in 1 hops
Got 1 in 1 hops
particle on (-0.5, 9.0) is scanning for particle in 1 hops
Got 1 in 1 hops
particle on (0.5, 9.0) is scanning for particle in 1 hops
Got 1 in 1 hops
particle on (-0.5, 9.0) is scanning for particle in 1 hops
Got 1 in 1 hops
particle on (0.5, 9.0) is scanning for particle in 1 hops
Got 1 in 1 hops
particle on (-0.5, 9.0) is scanning for particle in 1 hops
Got 1 in 1 hops
particle on (0.5, 9.0) is scanning for particle in 1 hops
Got 1 in 1 hops
particle on (-0.5, 9.0) is scanning for particle in 1 hops
Got 1 in 1 hops
particle on (0.5, 9.0) is scanning for particle in 1 hops
Got 1 in 1 hops
particle on (-0.5, 9.0) is scanning for particle in 1 hops
Got 1 in 1 hops
particle on (0.5, 9.0) is scanning for particle in 1 hops
Got 1 in 1 hops
particle on (-0.5, 9.0) is scanning for particle in 1 hops
Got 1 in 1 hops
particle on (0.5, 9.0) is scanning for particle in 1 hops
Got 1 in 1 hops
particle on (-0.5, 9.0) is scanning for particle in 1 hops
Got 1 in 1 hops
particle on (0.5, 9.0) is scanning for particle in 1 hops
Got 1 in 1 hops
particle on (-0.5, 9.0) is scanning for particle in 1 hops
Got 1 in 1 hops
particle on (0.5, 9.0) is scanning for particle in 1 hops
Got 1 in 1 hops
particle on (-0.5, 9.0) is scanning for particle in 1 hops
Got 1 in 1 hops
particle on (0.5, 9.0) is scanning for particle in 1 hops
Got 1 in 1 hops
particle on (-0.5, 9.0) is scanning for particle in 1 hops
Got 1 in 1 hops
particle on (0.5, 9.0) is scanning for particle in 1 hops
Got 1 in 1 hops
particle on (-0.5, 9.0) is scanning for particle in 1 hops
Got 1 in 1 hops
particle on (0.5, 9.0) is scanning for particle in 1 hops
Got 1 in 1 hops
particle on (-0.5, 9.0) is scanning for particle in 1 hops
Got 1 in 1 hops
particle on (0.5, 9.0) is scanning for particle in 1 hops
Got 1 in 1 hops
particle on (-0.5, 9.0) is scanning for particle in 1 hops
Got 1 in 1 hops
particle on (0.5, 9.0) is scanning for particle in 1 hops
Got 1 in 1 hops
particle on (-0.5, 9.0) is scanning for particle in 1 hops
Got 1 in 1 hops
particle on (0.5, 9.0) is scanning for particle in 1 hops
Got 1 in 1 hops
particle on (-0.5, 9.0) is scanning for particle in 1 hops
Got 1 in 1 hops
particle on (0.5, 9.0) is scanning for particle in 1 hops
Got 1 in 1 hops
particle on (-0.5, 9.0) is scanning for particle in 1 hops
Got 1 in 1 hops
particle on (0.5, 9.0) is scanning for particle in 1 hops
Got 1 in 1 hops
particle on (-0.5, 9.0) is scanning for particle in 1 hops
Got 1 in 1 hops
particle on (0.5, 9.0) is scanning for particle in 1 hops
Got 1 in 1 hops
particle on (-0.5, 9.0) is scanning for particle in 1 hops
Got 1 in 1 hops
particle on (0.5, 9.0) is scanning for particle in 1 hops
Got 1 in 1 hops
particle on (-0.5, 9.0) is scanning for particle in 1 hops
Got 1 in 1 hops
particle on (0.5, 9.0) is scanning for particle in 1 hops
Got 1 in 1 hops
particle on (-0.5, 9.0) is scanning for particle in 1 hops
Got 1 in 1 hops
particle on (0.5, 9.0) is scanning for particle in 1 hops
Got 1 in 1 hops
particle on (-0.5, 9.0) is scanning for particle in 1 hops
Got 1 in 1 hops
particle on (0.5, 9.0) is scanning for particle in 1 hops
Got 1 in 1 hops
particle on (-0.5, 9.0) is scanning for particle in 1 hops
Got 1 in 1 hops
particle on (0.5, 9.0) is scanning for particle in 1 hops
Got 1 in 1 hops
particle on (-0.5, 9.0) is scanning for particle in 1 hops
Got 1 in 1 hops
particle on (0.5, 9.0) is scanning for particle in 1 hops
Got 1 in 1 hops
particle on (-0.5, 9.0) is scanning for particle in 1 hops
Got 1 in 1 hops
particle on (0.5, 9.0) is scanning for particle in 1 hops
Got 1 in 1 hops
particle on (-0.5, 9.0) is scanning for particle in 1 hops
Got 1 in 1 hops
particle on (0.5, 9.0) is scanning for particle in 1 hops
Got 1 in 1 hops
particle on (-0.5, 9.0) is scanning for particle in 1 hops
Got 1 in 1 hops
particle on (0.5, 9.0) is scanning for particle in 1 hops
Got 1 in 1 hops
particle on (-0.5, 9.0) is scanning for particle in 1 hops
Got 1 in 1 hops
particle on (0.5, 9.0) is scanning for particle in 1 hops
Got 1 in 1 hops
particle on (-0.5, 9.0) is scanning for particle in 1 hops
Got 1 in 1 hops
particle on (0.5, 9.0) is scanning for particle in 1 hops
Got 1 in 1 hops
particle on (-0.5, 9.0) is scanning for particle in 1 hops
Got 1 in 1 hops
particle on (0.5, 9.0) is scanning for particle in 1 hops
Got 1 in 1 hops
particle on (-0.5, 9.0) is scanning for particle in 1 hops
Got 1 in 1 hops
particle on (0.5, 9.0) is scanning for particle in 1 hops
Got 1 in 1 hops
particle on (-0.5, 9.0) is scanning for particle in 1 hops
Got 1 in 1 hops
particle on (0.5, 9.0) is scanning for particle in 1 hops
Got 1 in 1 hops
particle on (-0.5, 9.0) is scanning for particle in 1 hops
Got 1 in 1 hops
particle on (0.5, 9.0) is scanning for particle in 1 hops
Got 1 in 1 hops
particle on (-0.5, 9.0) is scanning for particle in 1 hops
Got 1 in 1 hops
particle on (0.5, 9.0) is scanning for particle in 1 hops
Got 1 in 1 hops
particle on (-0.5, 9.0) is scanning for particle in 1 hops
Got 1 in 1 hops
particle on (0.5, 9.0) is scanning for particle in 1 hops
Got 1 in 1 hops
particle on (-0.5, 9.0) is scanning for particle in 1 hops
Got 1 in 1 hops
particle on (0.5, 9.0) is scanning for particle in 1 hops
Got 1 in 1 hops
particle on (-0.5, 9.0) is scanning for particle in 1 hops
Got 1 in 1 hops
particle on (0.5, 9.0) is scanning for particle in 1 hops
Got 1 in 1 hops
particle on (-0.5, 9.0) is scanning for particle in 1 hops
Got 1 in 1 hops
particle on (0.5, 9.0) is scanning for particle in 1 hops
Got 1 in 1 hops
particle on (-0.5, 9.0) is scanning for particle in 1 hops
Got 1 in 1 hops
particle on (0.5, 9.0) is scanning for particle in 1 hops
Got 1 in 1 hops
particle on (-0.5, 9.0) is scanning for particle in 1 hops
Got 1 in 1 hops
Finished
